#
# There is insufficient memory for the Java Runtime Environment to continue.
# Native memory allocation (malloc) failed to allocate 1048576 bytes for AllocateHeap
# Possible reasons:
#   The system is out of physical RAM or swap space
#   In 32 bit mode, the process size limit was hit
# Possible solutions:
#   Reduce memory load on the system
#   Increase physical memory or swap space
#   Check if swap backing store is full
#   Use 64 bit Java on a 64 bit OS
#   Decrease Java heap size (-Xmx/-Xms)
#   Decrease number of Java threads
#   Decrease Java thread stack sizes (-Xss)
#   Set larger code cache with -XX:ReservedCodeCacheSize=
# This output file may be truncated or incomplete.
#
#  Out of Memory Error (memory/allocation.inline.hpp:61), pid=19508, tid=0x0000000000002e1c
#
# JRE version:  (8.0_191-b12) (build )
# Java VM: Java HotSpot(TM) 64-Bit Server VM (25.191-b12 mixed mode windows-amd64 compressed oops)
# Failed to write core dump. Minidumps are not enabled by default on client versions of Windows
#

---------------  T H R E A D  ---------------

Current thread (0x000000000139e000):  JavaThread "Unknown thread" [_thread_in_vm, id=11804, stack(0x0000000002c80000,0x0000000002d80000)]

Stack: [0x0000000002c80000,0x0000000002d80000]
[error occurred during error reporting (printing stack bounds), id 0xc0000005]

Native frames: (J=compiled Java code, j=interpreted, Vv=VM code, C=native code)


---------------  P R O C E S S  ---------------

Java Threads: ( => current thread )

Other Threads:

=>0x000000000139e000 (exited) JavaThread "Unknown thread" [_thread_in_vm, id=11804, stack(0x0000000002c80000,0x0000000002d80000)]

VM state:not at safepoint (normal execution)

VM Mutex/Monitor currently owned by a thread: None

Heap:
 PSYoungGen      total 18944K, used 327K [0x00000000eb100000, 0x00000000ec600000, 0x0000000100000000)
  eden space 16384K, 2% used [0x00000000eb100000,0x00000000eb151ec8,0x00000000ec100000)
  from space 2560K, 0% used [0x00000000ec380000,0x00000000ec380000,0x00000000ec600000)
  to   space 2560K, 0% used [0x00000000ec100000,0x00000000ec100000,0x00000000ec380000)
 ParOldGen       total 44032K, used 0K [0x00000000c1200000, 0x00000000c3d00000, 0x00000000eb100000)
  object space 44032K, 0% used [0x00000000c1200000,0x00000000c1200000,0x00000000c3d00000)
 Metaspace       used 775K, capacity 4480K, committed 4480K, reserved 1056768K
  class space    used 76K, capacity 384K, committed 384K, reserved 1048576K

Card table byte_map: [0x00000000125a0000,0x00000000127a0000] byte_map_base: 0x0000000011f97000

Marking Bits: (ParMarkBitMap*) 0x00000000695d3e30
 Begin Bits: [0x0000000012cf0000, 0x0000000013ca8000)
 End Bits:   [0x0000000013ca8000, 0x0000000014c60000)

Polling page: 0x0000000000f10000

CodeCache: size=245760Kb used=328Kb max_used=328Kb free=245431Kb
 bounds [0x00000000031e0000, 0x0000000003450000, 0x00000000121e0000]
 total_blobs=58 nmethods=0 adapters=38
 compilation: enabled

Compilation events (0 events):
No events

GC Heap History (0 events):
No events

Deoptimization events (0 events):
No events

Classes redefined (0 events):
No events

Internal exceptions (0 events):
No events

Events (10 events):
Event: 0.050 loading class java/lang/Short
Event: 0.051 loading class java/lang/Short done
Event: 0.051 loading class java/lang/Integer
Event: 0.051 loading class java/lang/Integer done
Event: 0.051 loading class java/lang/Long
Event: 0.051 loading class java/lang/Long done
Event: 0.052 loading class java/lang/NullPointerException
Event: 0.052 loading class java/lang/NullPointerException done
Event: 0.052 loading class java/lang/ArithmeticException
Event: 0.052 loading class java/lang/ArithmeticException done


Dynamic libraries:
0x00007ff789230000 - 0x00007ff789267000 	C:\Program Files\Java\jdk1.8.0_191\bin\javaw.exe
0x00007ff984e20000 - 0x00007ff985001000 	C:\WINDOWS\SYSTEM32\ntdll.dll
0x00007ff982c50000 - 0x00007ff982d02000 	C:\WINDOWS\System32\KERNEL32.DLL
0x00007ff981ee0000 - 0x00007ff982153000 	C:\WINDOWS\System32\KERNELBASE.dll
0x00007ff9849a0000 - 0x00007ff984a41000 	C:\WINDOWS\System32\ADVAPI32.dll
0x00007ff982a70000 - 0x00007ff982b0e000 	C:\WINDOWS\System32\msvcrt.dll
0x00007ff982de0000 - 0x00007ff982e3b000 	C:\WINDOWS\System32\sechost.dll
0x00007ff982850000 - 0x00007ff982974000 	C:\WINDOWS\System32\RPCRT4.dll
0x00007ff982ea0000 - 0x00007ff983030000 	C:\WINDOWS\System32\USER32.dll
0x00007ff981b50000 - 0x00007ff981b70000 	C:\WINDOWS\System32\win32u.dll
0x00007ff982d10000 - 0x00007ff982d38000 	C:\WINDOWS\System32\GDI32.dll
0x00007ff981bc0000 - 0x00007ff981d52000 	C:\WINDOWS\System32\gdi32full.dll
0x00007ff982160000 - 0x00007ff9821ff000 	C:\WINDOWS\System32\msvcp_win.dll
0x00007ff981de0000 - 0x00007ff981eda000 	C:\WINDOWS\System32\ucrtbase.dll
0x00007ff976790000 - 0x00007ff9769f9000 	C:\WINDOWS\WinSxS\amd64_microsoft.windows.common-controls_6595b64144ccf1df_6.0.17134.471_none_fb3e9aab3068fc16\COMCTL32.dll
0x00007ff982520000 - 0x00007ff982842000 	C:\WINDOWS\System32\combase.dll
0x00007ff981d60000 - 0x00007ff981dda000 	C:\WINDOWS\System32\bcryptPrimitives.dll
0x00007ff982da0000 - 0x00007ff982dcd000 	C:\WINDOWS\System32\IMM32.DLL
0x000000006b160000 - 0x000000006b232000 	C:\Program Files\Java\jdk1.8.0_191\jre\bin\msvcr100.dll
0x0000000068db0000 - 0x0000000069654000 	C:\Program Files\Java\jdk1.8.0_191\jre\bin\server\jvm.dll
0x00007ff982b10000 - 0x00007ff982b18000 	C:\WINDOWS\System32\PSAPI.DLL
0x00007ff974280000 - 0x00007ff974289000 	C:\WINDOWS\SYSTEM32\WSOCK32.dll
0x00007ff9760c0000 - 0x00007ff9760e3000 	C:\WINDOWS\SYSTEM32\WINMM.dll
0x00007ff982bd0000 - 0x00007ff982c3c000 	C:\WINDOWS\System32\WS2_32.dll
0x00007ff975b70000 - 0x00007ff975b9a000 	C:\WINDOWS\SYSTEM32\WINMMBASE.dll
0x00007ff9776f0000 - 0x00007ff9776fa000 	C:\WINDOWS\SYSTEM32\VERSION.dll
0x00007ff981b70000 - 0x00007ff981bb9000 	C:\WINDOWS\System32\cfgmgr32.dll
0x000000006b150000 - 0x000000006b15f000 	C:\Program Files\Java\jdk1.8.0_191\jre\bin\verify.dll
0x000000006b120000 - 0x000000006b149000 	C:\Program Files\Java\jdk1.8.0_191\jre\bin\java.dll
0x000000006b100000 - 0x000000006b116000 	C:\Program Files\Java\jdk1.8.0_191\jre\bin\zip.dll

VM Arguments:
jvm_args: -Dfile.encoding=MS949 
java_command: Algorithm.DoublyLinkedList
java_class_path (initial): C:\Users\Admin\git\repository\java\bin
Launcher Type: SUN_STANDARD

Environment Variables:
JAVA_HOME=C:\Program Files\Java\jdk1.8.0_181\bin
PATH=C:\Program Files\Java\jdk1.8.0_181\bin;%JAVA_HOME\bin;C:\Bitnami\wampstack-7.1.23-0\mysql\bin;C:\Users\Admin\AppData\Local\Microsoft\WindowsApps;C:\Users\Admin\AppData\Local\GitHubDesktop\bin
USERNAME=Admin
OS=Windows_NT
PROCESSOR_IDENTIFIER=Intel64 Family 6 Model 60 Stepping 3, GenuineIntel



---------------  S Y S T E M  ---------------

OS: Windows 10.0 , 64 bit Build 17134 (10.0.17134.1)

CPU:total 4 (initial active 4) (2 cores per cpu, 2 threads per core) family 6 model 60 stepping 3, cmov, cx8, fxsr, mmx, sse, sse2, sse3, ssse3, sse4.1, sse4.2, popcnt, avx, avx2, aes, clmul, erms, lzcnt, ht, tsc, tscinvbit, bmi1, bmi2

Memory: 4k page, physical 4112932k(476088k free), swap 16695844k(5564k free)

vm_info: Java HotSpot(TM) 64-Bit Server VM (25.191-b12) for windows-amd64 JRE (1.8.0_191-b12), built on Oct  6 2018 09:29:03 by "java_re" with MS VC++ 10.0 (VS2010)

time: Wed Jan 02 05:08:31 2019
elapsed time: 0 seconds (0d 0h 0m 0s)

